app/build/intermediates/manifest_merge_blame_file/release/manifest-merger-blame-release-report.txt
1<?xml version="1.0" encoding="utf-8"?>
2<manifest xmlns:android="http://schemas.android.com/apk/res/android"
3    package="com.example.handwrittenocrsumcam"
4    android:versionCode="1"
5    android:versionName="1.0.0" >
6
7    <uses-sdk
8        android:minSdkVersion="24"
9        android:targetSdkVersion="34" />
10
11    <uses-permission android:name="android.permission.CAMERA" />
11-->src/main/AndroidManifest.xml:5:5-65
11-->src/main/AndroidManifest.xml:5:22-62
12    <uses-permission android:name="android.permission.WRITE_EXTERNAL_STORAGE" />
12-->src/main/AndroidManifest.xml:6:5-81
12-->src/main/AndroidManifest.xml:6:22-78
13    <uses-permission android:name="android.permission.READ_EXTERNAL_STORAGE" />
13-->src/main/AndroidManifest.xml:7:5-80
13-->src/main/AndroidManifest.xml:7:22-77
14
15    <uses-feature
15-->src/main/AndroidManifest.xml:9:5-11:35
16        android:name="android.hardware.camera"
16-->src/main/AndroidManifest.xml:10:9-47
17        android:required="true" />
17-->src/main/AndroidManifest.xml:11:9-32
18    <uses-feature
18-->src/main/AndroidManifest.xml:12:5-14:36
19        android:name="android.hardware.camera.autofocus"
19-->src/main/AndroidManifest.xml:13:9-57
20        android:required="false" />
20-->src/main/AndroidManifest.xml:14:9-33
21
22    <queries>
22-->[androidx.camera:camera-extensions:1.3.1] AndroidManifest.xml:22:5-26:15
23        <intent>
23-->[androidx.camera:camera-extensions:1.3.1] AndroidManifest.xml:23:9-25:18
24            <action android:name="androidx.camera.extensions.action.VENDOR_ACTION" />
24-->[androidx.camera:camera-extensions:1.3.1] AndroidManifest.xml:24:13-86
24-->[androidx.camera:camera-extensions:1.3.1] AndroidManifest.xml:24:21-83
25        </intent>
26    </queries>
27
28    <permission
28-->[androidx.core:core:1.12.0] AndroidManifest.xml:22:5-24:47
29        android:name="com.example.handwrittenocrsumcam.DYNAMIC_RECEIVER_NOT_EXPORTED_PERMISSION"
29-->[androidx.core:core:1.12.0] AndroidManifest.xml:23:9-81
30        android:protectionLevel="signature" />
30-->[androidx.core:core:1.12.0] AndroidManifest.xml:24:9-44
31
32    <uses-permission android:name="com.example.handwrittenocrsumcam.DYNAMIC_RECEIVER_NOT_EXPORTED_PERMISSION" /> <!-- Although the *SdkVersion is captured in gradle build files, this is required for non gradle builds -->
32-->[androidx.core:core:1.12.0] AndroidManifest.xml:26:5-97
32-->[androidx.core:core:1.12.0] AndroidManifest.xml:26:22-94
33    <!-- <uses-sdk android:minSdkVersion="14"/> -->
34    <uses-permission android:name="android.permission.ACCESS_NETWORK_STATE" />
34-->[com.google.android.datatransport:transport-backend-cct:2.3.3] AndroidManifest.xml:25:5-79
34-->[com.google.android.datatransport:transport-backend-cct:2.3.3] AndroidManifest.xml:25:22-76
35    <uses-permission android:name="android.permission.INTERNET" />
35-->[com.google.android.datatransport:transport-backend-cct:2.3.3] AndroidManifest.xml:26:5-67
35-->[com.google.android.datatransport:transport-backend-cct:2.3.3] AndroidManifest.xml:26:22-64
36
37    <application
37-->src/main/AndroidManifest.xml:16:5-34:19
38        android:allowBackup="true"
38-->src/main/AndroidManifest.xml:17:9-35
39        android:appComponentFactory="androidx.core.app.CoreComponentFactory"
39-->[androidx.core:core:1.12.0] AndroidManifest.xml:28:18-86
40        android:extractNativeLibs="false"
41        android:icon="@android:drawable/ic_menu_camera"
41-->src/main/AndroidManifest.xml:18:9-56
42        android:label="OCR SumCam"
42-->src/main/AndroidManifest.xml:19:9-35
43        android:supportsRtl="true"
43-->src/main/AndroidManifest.xml:20:9-35
44        android:theme="@android:style/Theme.Material.Light" >
44-->src/main/AndroidManifest.xml:21:9-60
45        <activity
45-->src/main/AndroidManifest.xml:24:9-32:20
46            android:name="com.example.handwrittenocrsumcam.MainActivity"
46-->src/main/AndroidManifest.xml:25:13-41
47            android:exported="true"
47-->src/main/AndroidManifest.xml:26:13-36
48            android:theme="@android:style/Theme.Material.Light" >
48-->src/main/AndroidManifest.xml:27:13-64
49            <intent-filter>
49-->src/main/AndroidManifest.xml:28:13-31:29
50                <action android:name="android.intent.action.MAIN" />
50-->src/main/AndroidManifest.xml:29:17-69
50-->src/main/AndroidManifest.xml:29:25-66
51
52                <category android:name="android.intent.category.LAUNCHER" />
52-->src/main/AndroidManifest.xml:30:17-77
52-->src/main/AndroidManifest.xml:30:27-74
53            </intent-filter>
54        </activity>
55
56        <uses-library
56-->[androidx.camera:camera-extensions:1.3.1] AndroidManifest.xml:29:9-31:40
57            android:name="androidx.camera.extensions.impl"
57-->[androidx.camera:camera-extensions:1.3.1] AndroidManifest.xml:30:13-59
58            android:required="false" />
58-->[androidx.camera:camera-extensions:1.3.1] AndroidManifest.xml:31:13-37
59
60        <service
60-->[androidx.camera:camera-camera2:1.3.1] AndroidManifest.xml:24:9-33:19
61            android:name="androidx.camera.core.impl.MetadataHolderService"
61-->[androidx.camera:camera-camera2:1.3.1] AndroidManifest.xml:25:13-75
62            android:enabled="false"
62-->[androidx.camera:camera-camera2:1.3.1] AndroidManifest.xml:26:13-36
63            android:exported="false" >
63-->[androidx.camera:camera-camera2:1.3.1] AndroidManifest.xml:27:13-37
64            <meta-data
64-->[androidx.camera:camera-camera2:1.3.1] AndroidManifest.xml:30:13-32:89
65                android:name="androidx.camera.core.impl.MetadataHolderService.DEFAULT_CONFIG_PROVIDER"
65-->[androidx.camera:camera-camera2:1.3.1] AndroidManifest.xml:31:17-103
66                android:value="androidx.camera.camera2.Camera2Config$DefaultProvider" />
66-->[androidx.camera:camera-camera2:1.3.1] AndroidManifest.xml:32:17-86
67        </service>
68        <service
68-->[com.google.android.gms:play-services-mlkit-text-recognition-common:19.0.0] AndroidManifest.xml:9:9-15:19
69            android:name="com.google.mlkit.common.internal.MlKitComponentDiscoveryService"
69-->[com.google.android.gms:play-services-mlkit-text-recognition-common:19.0.0] AndroidManifest.xml:10:13-91
70            android:directBootAware="true"
70-->[com.google.mlkit:common:18.8.0] AndroidManifest.xml:17:13-43
71            android:exported="false" >
71-->[com.google.android.gms:play-services-mlkit-text-recognition-common:19.0.0] AndroidManifest.xml:11:13-37
72            <meta-data
72-->[com.google.android.gms:play-services-mlkit-text-recognition-common:19.0.0] AndroidManifest.xml:12:13-14:85
73                android:name="com.google.firebase.components:com.google.mlkit.vision.text.internal.TextRegistrar"
73-->[com.google.android.gms:play-services-mlkit-text-recognition-common:19.0.0] AndroidManifest.xml:13:17-114
74                android:value="com.google.firebase.components.ComponentRegistrar" />
74-->[com.google.android.gms:play-services-mlkit-text-recognition-common:19.0.0] AndroidManifest.xml:14:17-82
75            <meta-data
75-->[com.google.mlkit:vision-common:17.3.0] AndroidManifest.xml:12:13-14:85
76                android:name="com.google.firebase.components:com.google.mlkit.vision.common.internal.VisionCommonRegistrar"
76-->[com.google.mlkit:vision-common:17.3.0] AndroidManifest.xml:13:17-124
77                android:value="com.google.firebase.components.ComponentRegistrar" />
77-->[com.google.mlkit:vision-common:17.3.0] AndroidManifest.xml:14:17-82
78            <meta-data
78-->[com.google.mlkit:common:18.8.0] AndroidManifest.xml:20:13-22:85
79                android:name="com.google.firebase.components:com.google.mlkit.common.internal.CommonComponentRegistrar"
79-->[com.google.mlkit:common:18.8.0] AndroidManifest.xml:21:17-120
80                android:value="com.google.firebase.components.ComponentRegistrar" />
80-->[com.google.mlkit:common:18.8.0] AndroidManifest.xml:22:17-82
81        </service>
82
83        <provider
83-->[com.google.mlkit:common:18.8.0] AndroidManifest.xml:9:9-13:38
84            android:name="com.google.mlkit.common.internal.MlKitInitProvider"
84-->[com.google.mlkit:common:18.8.0] AndroidManifest.xml:10:13-78
85            android:authorities="com.example.handwrittenocrsumcam.mlkitinitprovider"
85-->[com.google.mlkit:common:18.8.0] AndroidManifest.xml:11:13-69
86            android:exported="false"
86-->[com.google.mlkit:common:18.8.0] AndroidManifest.xml:12:13-37
87            android:initOrder="99" />
87-->[com.google.mlkit:common:18.8.0] AndroidManifest.xml:13:13-35
88
89        <activity
89-->[com.google.android.gms:play-services-base:18.1.0] AndroidManifest.xml:20:9-22:45
90            android:name="com.google.android.gms.common.api.GoogleApiActivity"
90-->[com.google.android.gms:play-services-base:18.1.0] AndroidManifest.xml:20:19-85
91            android:exported="false"
91-->[com.google.android.gms:play-services-base:18.1.0] AndroidManifest.xml:22:19-43
92            android:theme="@android:style/Theme.Translucent.NoTitleBar" />
92-->[com.google.android.gms:play-services-base:18.1.0] AndroidManifest.xml:21:19-78
93
94        <meta-data
94-->[com.google.android.gms:play-services-basement:18.1.0] AndroidManifest.xml:21:9-23:69
95            android:name="com.google.android.gms.version"
95-->[com.google.android.gms:play-services-basement:18.1.0] AndroidManifest.xml:22:13-58
96            android:value="@integer/google_play_services_version" />
96-->[com.google.android.gms:play-services-basement:18.1.0] AndroidManifest.xml:23:13-66
97
98        <provider
98-->[androidx.emoji2:emoji2:1.2.0] AndroidManifest.xml:24:9-32:20
99            android:name="androidx.startup.InitializationProvider"
99-->[androidx.emoji2:emoji2:1.2.0] AndroidManifest.xml:25:13-67
100            android:authorities="com.example.handwrittenocrsumcam.androidx-startup"
100-->[androidx.emoji2:emoji2:1.2.0] AndroidManifest.xml:26:13-68
101            android:exported="false" >
101-->[androidx.emoji2:emoji2:1.2.0] AndroidManifest.xml:27:13-37
102            <meta-data
102-->[androidx.emoji2:emoji2:1.2.0] AndroidManifest.xml:29:13-31:52
103                android:name="androidx.emoji2.text.EmojiCompatInitializer"
103-->[androidx.emoji2:emoji2:1.2.0] AndroidManifest.xml:30:17-75
104                android:value="androidx.startup" />
104-->[androidx.emoji2:emoji2:1.2.0] AndroidManifest.xml:31:17-49
105            <meta-data
105-->[androidx.lifecycle:lifecycle-process:2.7.0] AndroidManifest.xml:29:13-31:52
106                android:name="androidx.lifecycle.ProcessLifecycleInitializer"
106-->[androidx.lifecycle:lifecycle-process:2.7.0] AndroidManifest.xml:30:17-78
107                android:value="androidx.startup" />
107-->[androidx.lifecycle:lifecycle-process:2.7.0] AndroidManifest.xml:31:17-49
108            <meta-data
108-->[androidx.profileinstaller:profileinstaller:1.3.0] AndroidManifest.xml:29:13-31:52
109                android:name="androidx.profileinstaller.ProfileInstallerInitializer"
109-->[androidx.profileinstaller:profileinstaller:1.3.0] AndroidManifest.xml:30:17-85
110                android:value="androidx.startup" />
110-->[androidx.profileinstaller:profileinstaller:1.3.0] AndroidManifest.xml:31:17-49
111        </provider>
112
113        <receiver
113-->[androidx.profileinstaller:profileinstaller:1.3.0] AndroidManifest.xml:34:9-52:20
114            android:name="androidx.profileinstaller.ProfileInstallReceiver"
114-->[androidx.profileinstaller:profileinstaller:1.3.0] AndroidManifest.xml:35:13-76
115            android:directBootAware="false"
115-->[androidx.profileinstaller:profileinstaller:1.3.0] AndroidManifest.xml:36:13-44
116            android:enabled="true"
116-->[androidx.profileinstaller:profileinstaller:1.3.0] AndroidManifest.xml:37:13-35
117            android:exported="true"
117-->[androidx.profileinstaller:profileinstaller:1.3.0] AndroidManifest.xml:38:13-36
118            android:permission="android.permission.DUMP" >
118-->[androidx.profileinstaller:profileinstaller:1.3.0] AndroidManifest.xml:39:13-57
119            <intent-filter>
119-->[androidx.profileinstaller:profileinstaller:1.3.0] AndroidManifest.xml:40:13-42:29
120                <action android:name="androidx.profileinstaller.action.INSTALL_PROFILE" />
120-->[androidx.profileinstaller:profileinstaller:1.3.0] AndroidManifest.xml:41:17-91
120-->[androidx.profileinstaller:profileinstaller:1.3.0] AndroidManifest.xml:41:25-88
121            </intent-filter>
122            <intent-filter>
122-->[androidx.profileinstaller:profileinstaller:1.3.0] AndroidManifest.xml:43:13-45:29
123                <action android:name="androidx.profileinstaller.action.SKIP_FILE" />
123-->[androidx.profileinstaller:profileinstaller:1.3.0] AndroidManifest.xml:44:17-85
123-->[androidx.profileinstaller:profileinstaller:1.3.0] AndroidManifest.xml:44:25-82
124            </intent-filter>
125            <intent-filter>
125-->[androidx.profileinstaller:profileinstaller:1.3.0] AndroidManifest.xml:46:13-48:29
126                <action android:name="androidx.profileinstaller.action.SAVE_PROFILE" />
126-->[androidx.profileinstaller:profileinstaller:1.3.0] AndroidManifest.xml:47:17-88
126-->[androidx.profileinstaller:profileinstaller:1.3.0] AndroidManifest.xml:47:25-85
127            </intent-filter>
128            <intent-filter>
128-->[androidx.profileinstaller:profileinstaller:1.3.0] AndroidManifest.xml:49:13-51:29
129                <action android:name="androidx.profileinstaller.action.BENCHMARK_OPERATION" />
129-->[androidx.profileinstaller:profileinstaller:1.3.0] AndroidManifest.xml:50:17-95
129-->[androidx.profileinstaller:profileinstaller:1.3.0] AndroidManifest.xml:50:25-92
130            </intent-filter>
131        </receiver>
132
133        <service
133-->[com.google.android.datatransport:transport-backend-cct:2.3.3] AndroidManifest.xml:29:9-35:19
134            android:name="com.google.android.datatransport.runtime.backends.TransportBackendDiscovery"
134-->[com.google.android.datatransport:transport-backend-cct:2.3.3] AndroidManifest.xml:30:13-103
135            android:exported="false" >
135-->[com.google.android.datatransport:transport-backend-cct:2.3.3] AndroidManifest.xml:31:13-37
136            <meta-data
136-->[com.google.android.datatransport:transport-backend-cct:2.3.3] AndroidManifest.xml:32:13-34:39
137                android:name="backend:com.google.android.datatransport.cct.CctBackendFactory"
137-->[com.google.android.datatransport:transport-backend-cct:2.3.3] AndroidManifest.xml:33:17-94
138                android:value="cct" />
138-->[com.google.android.datatransport:transport-backend-cct:2.3.3] AndroidManifest.xml:34:17-36
139        </service>
140        <service
140-->[com.google.android.datatransport:transport-runtime:2.2.6] AndroidManifest.xml:26:9-30:19
141            android:name="com.google.android.datatransport.runtime.scheduling.jobscheduling.JobInfoSchedulerService"
141-->[com.google.android.datatransport:transport-runtime:2.2.6] AndroidManifest.xml:27:13-117
142            android:exported="false"
142-->[com.google.android.datatransport:transport-runtime:2.2.6] AndroidManifest.xml:28:13-37
143            android:permission="android.permission.BIND_JOB_SERVICE" >
143-->[com.google.android.datatransport:transport-runtime:2.2.6] AndroidManifest.xml:29:13-69
144        </service>
145
146        <receiver
146-->[com.google.android.datatransport:transport-runtime:2.2.6] AndroidManifest.xml:32:9-34:40
147            android:name="com.google.android.datatransport.runtime.scheduling.jobscheduling.AlarmManagerSchedulerBroadcastReceiver"
147-->[com.google.android.datatransport:transport-runtime:2.2.6] AndroidManifest.xml:33:13-132
148            android:exported="false" />
148-->[com.google.android.datatransport:transport-runtime:2.2.6] AndroidManifest.xml:34:13-37
149    </application>
150
151</manifest>